[2020-07-02 13:04:11][debug][error]:[Uncaught Swoole\Error: operation not support (reactor is not ready) in /data/web/imooc/easyswoole.api.com/vendor/easyswoole/mysqli/src/Client.php:110
Stack trace:
#0 /data/web/imooc/easyswoole.api.com/vendor/easyswoole/mysqli/src/Client.php(110): Swoole\Coroutine\MySQL->connect(Array)
#1 /data/web/imooc/easyswoole.api.com/vendor/easyswoole/orm/src/Db/MysqlPool.php(18): EasySwoole\Mysqli\Client->connect()
#2 /data/web/imooc/easyswoole.api.com/vendor/easyswoole/pool/src/AbstractPool.php(295): EasySwoole\ORM\Db\MysqlPool->createObject()
#3 /data/web/imooc/easyswoole.api.com/vendor/easyswoole/pool/src/AbstractPool.php(108): EasySwoole\Pool\AbstractPool->initObject()
#4 /data/web/imooc/easyswoole.api.com/vendor/easyswoole/pool/src/AbstractPool.php(388): EasySwoole\Pool\AbstractPool->getObj(3)
#5 /data/web/imooc/easyswoole.api.com/vendor/easyswoole/orm/src/Db/Connection.php(26): EasySwoole\Pool\AbstractPool->defer(3)
#6 /data/web/imooc/easyswoole.api.com/vendor/easyswoole/orm/src/Utility/TableObjectGeneration.php(3 at file:/data/web/imooc/easyswoole.api.com/vendor/easyswoole/mysqli/src/Client.php line:110]
[2020-07-02 13:04:53][debug][error]:[Uncaught Error: Class 'App\Lib\Caches\Redis' not found in /data/web/imooc/easyswoole.api.com/EasySwooleEvent.php:41
Stack trace:
#0 /data/web/imooc/easyswoole.api.com/vendor/easyswoole/easyswoole/src/Core.php(130): EasySwoole\EasySwoole\EasySwooleEvent::mainServerCreate(Object(EasySwoole\EasySwoole\Swoole\EventRegister))
#1 /data/web/imooc/easyswoole.api.com/vendor/easyswoole/easyswoole/src/Command/DefaultCommand/Start.php(42): EasySwoole\EasySwoole\Core->createServer()
#2 /data/web/imooc/easyswoole.api.com/vendor/easyswoole/easyswoole/src/Command/CommandContainer.php(46): EasySwoole\EasySwoole\Command\DefaultCommand\Start->exec(Array)
#3 /data/web/imooc/easyswoole.api.com/vendor/easyswoole/easyswoole/src/Command/CommandRunner.php(62): EasySwoole\EasySwoole\Command\CommandContainer->hook('start', Array)
#4 /data/web/imooc/easyswoole.api.com/easyswoole(25): EasySwoole\EasySwoole\Command\CommandRunner->run(Array)
#5 {main}
  thrown at file:/data/web/imooc/easyswoole.api.com/EasySwooleEvent.php line:41]
[2020-07-02 13:06:16][debug][warning]:[Declaration of App\HttpController\Api\ApiBase::onRequest(string $action): ?bool should be compatible with EasySwoole\Http\AbstractInterface\Controller::onRequest(?string $action): ?bool at file:/data/web/imooc/easyswoole.api.com/App/HttpController/Api/ApiBase.php line:15]
[2020-07-02 13:43:45][debug][warning]:[Declaration of App\HttpController\Api\ApiBase::onRequest(string $action): ?bool should be compatible with EasySwoole\Http\AbstractInterface\Controller::onRequest(?string $action): ?bool at file:/data/web/imooc/easyswoole.api.com/App/HttpController/Api/ApiBase.php line:15]
[2020-07-02 13:52:40][debug][warning]:[Declaration of App\HttpController\Api\ApiBase::onRequest(string $action): ?bool should be compatible with EasySwoole\Http\AbstractInterface\Controller::onRequest(?string $action): ?bool at file:/data/web/imooc/easyswoole.api.com/App/HttpController/Api/ApiBase.php line:15]
[2020-07-02 13:52:40][debug][warning]:[Declaration of App\HttpController\Api\ApiBase::onRequest(string $action): ?bool should be compatible with EasySwoole\Http\AbstractInterface\Controller::onRequest(?string $action): ?bool at file:/data/web/imooc/easyswoole.api.com/App/HttpController/Api/ApiBase.php line:15]
[2020-07-02 13:52:47][debug][warning]:[Declaration of App\HttpController\Api\ApiBase::onRequest(string $action): ?bool should be compatible with EasySwoole\Http\AbstractInterface\Controller::onRequest(?string $action): ?bool at file:/data/web/imooc/easyswoole.api.com/App/HttpController/Api/ApiBase.php line:15]
[2020-07-02 14:05:14][debug][warning]:[Declaration of App\HttpController\Api\ApiBase::onRequest(string $action): ?bool should be compatible with EasySwoole\Http\AbstractInterface\Controller::onRequest(?string $action): ?bool at file:/data/web/imooc/easyswoole.api.com/App/HttpController/Api/ApiBase.php line:15]
[2020-07-02 14:05:14][debug][error]:[Serialization of 'Swoole\Http\Request' is not allowed at file:/data/web/imooc/easyswoole.api.com/vendor/opis/closure/src/SerializableClosure.php line:155]
[2020-07-02 14:05:31][debug][error]:[Serialization of 'Swoole\Http\Request' is not allowed at file:/data/web/imooc/easyswoole.api.com/vendor/opis/closure/src/SerializableClosure.php line:155]
[2020-07-02 14:07:31][debug][warning]:[Declaration of App\HttpController\Api\ApiBase::onRequest(string $action): ?bool should be compatible with EasySwoole\Http\AbstractInterface\Controller::onRequest(?string $action): ?bool at file:/data/web/imooc/easyswoole.api.com/App/HttpController/Api/ApiBase.php line:15]
[2020-07-02 14:07:31][debug][warning]:[Declaration of App\HttpController\Api\ApiBase::onRequest(string $action): ?bool should be compatible with EasySwoole\Http\AbstractInterface\Controller::onRequest(?string $action): ?bool at file:/data/web/imooc/easyswoole.api.com/App/HttpController/Api/ApiBase.php line:15]
[2020-07-02 14:09:04][debug][warning]:[Declaration of App\HttpController\Api\ApiBase::onRequest(string $action): ?bool should be compatible with EasySwoole\Http\AbstractInterface\Controller::onRequest(?string $action): ?bool at file:/data/web/imooc/easyswoole.api.com/App/HttpController/Api/ApiBase.php line:15]
[2020-07-02 14:10:52][debug][warning]:[Declaration of App\HttpController\Api\ApiBase::onRequest(string $action): ?bool should be compatible with EasySwoole\Http\AbstractInterface\Controller::onRequest(?string $action): ?bool at file:/data/web/imooc/easyswoole.api.com/App/HttpController/Api/ApiBase.php line:15]
[2020-07-02 14:14:07][debug][warning]:[Declaration of App\HttpController\Api\ApiBase::onRequest(string $action): ?bool should be compatible with EasySwoole\Http\AbstractInterface\Controller::onRequest(?string $action): ?bool at file:/data/web/imooc/easyswoole.api.com/App/HttpController/Api/ApiBase.php line:15]
[2020-07-02 14:17:13][debug][warning]:[Declaration of App\HttpController\Api\ApiBase::onRequest(string $action): ?bool should be compatible with EasySwoole\Http\AbstractInterface\Controller::onRequest(?string $action): ?bool at file:/data/web/imooc/easyswoole.api.com/App/HttpController/Api/ApiBase.php line:15]
[2020-07-02 14:18:15][debug][warning]:[Declaration of App\HttpController\Api\ApiBase::onRequest(string $action): ?bool should be compatible with EasySwoole\Http\AbstractInterface\Controller::onRequest(?string $action): ?bool at file:/data/web/imooc/easyswoole.api.com/App/HttpController/Api/ApiBase.php line:15]
[2020-07-02 14:18:15][debug][error]:[Serialization of 'Swoole\Http\Request' is not allowed at file:/data/web/imooc/easyswoole.api.com/vendor/opis/closure/src/SerializableClosure.php line:155]
[2020-07-02 14:18:17][debug][error]:[Serialization of 'Swoole\Http\Request' is not allowed at file:/data/web/imooc/easyswoole.api.com/vendor/opis/closure/src/SerializableClosure.php line:155]
[2020-07-02 14:19:55][debug][warning]:[Declaration of App\HttpController\Api\ApiBase::onRequest(string $action): ?bool should be compatible with EasySwoole\Http\AbstractInterface\Controller::onRequest(?string $action): ?bool at file:/data/web/imooc/easyswoole.api.com/App/HttpController/Api/ApiBase.php line:15]
[2020-07-02 14:19:55][debug][warning]:[Declaration of App\HttpController\Api\ApiBase::onRequest(string $action): ?bool should be compatible with EasySwoole\Http\AbstractInterface\Controller::onRequest(?string $action): ?bool at file:/data/web/imooc/easyswoole.api.com/App/HttpController/Api/ApiBase.php line:15]
[2020-07-02 14:20:55][debug][warning]:[Declaration of App\HttpController\Api\ApiBase::onRequest(string $action): ?bool should be compatible with EasySwoole\Http\AbstractInterface\Controller::onRequest(?string $action): ?bool at file:/data/web/imooc/easyswoole.api.com/App/HttpController/Api/ApiBase.php line:15]
[2020-07-02 14:20:55][debug][error]:[Serialization of 'Swoole\Http\Request' is not allowed at file:/data/web/imooc/easyswoole.api.com/vendor/opis/closure/src/SerializableClosure.php line:155]
[2020-07-02 14:21:41][debug][warning]:[Declaration of App\HttpController\Api\ApiBase::onRequest(string $action): ?bool should be compatible with EasySwoole\Http\AbstractInterface\Controller::onRequest(?string $action): ?bool at file:/data/web/imooc/easyswoole.api.com/App/HttpController/Api/ApiBase.php line:15]
[2020-07-02 14:21:41][debug][warning]:[Declaration of App\HttpController\Api\ApiBase::onRequest(string $action): ?bool should be compatible with EasySwoole\Http\AbstractInterface\Controller::onRequest(?string $action): ?bool at file:/data/web/imooc/easyswoole.api.com/App/HttpController/Api/ApiBase.php line:15]
[2020-07-02 14:21:54][debug][warning]:[Declaration of App\HttpController\Api\ApiBase::onRequest(string $action): ?bool should be compatible with EasySwoole\Http\AbstractInterface\Controller::onRequest(?string $action): ?bool at file:/data/web/imooc/easyswoole.api.com/App/HttpController/Api/ApiBase.php line:15]
[2020-07-02 14:22:03][debug][warning]:[Declaration of App\HttpController\Api\ApiBase::onRequest(string $action): ?bool should be compatible with EasySwoole\Http\AbstractInterface\Controller::onRequest(?string $action): ?bool at file:/data/web/imooc/easyswoole.api.com/App/HttpController/Api/ApiBase.php line:15]
[2020-07-02 14:23:19][debug][warning]:[Declaration of App\HttpController\Api\ApiBase::onRequest(string $action): ?bool should be compatible with EasySwoole\Http\AbstractInterface\Controller::onRequest(?string $action): ?bool at file:/data/web/imooc/easyswoole.api.com/App/HttpController/Api/ApiBase.php line:15]
[2020-07-02 14:23:19][debug][error]:[Serialization of 'Swoole\Http\Request' is not allowed at file:/data/web/imooc/easyswoole.api.com/vendor/opis/closure/src/SerializableClosure.php line:155]
[2020-07-02 14:25:04][debug][warning]:[Declaration of App\HttpController\Api\ApiBase::onRequest(string $action): ?bool should be compatible with EasySwoole\Http\AbstractInterface\Controller::onRequest(?string $action): ?bool at file:/data/web/imooc/easyswoole.api.com/App/HttpController/Api/ApiBase.php line:15]
[2020-07-02 14:25:04][debug][error]:[Serialization of 'Swoole\Http\Request' is not allowed at file:/data/web/imooc/easyswoole.api.com/vendor/opis/closure/src/SerializableClosure.php line:155]
[2020-07-02 14:25:06][debug][error]:[Serialization of 'Swoole\Http\Request' is not allowed at file:/data/web/imooc/easyswoole.api.com/vendor/opis/closure/src/SerializableClosure.php line:155]
[2020-07-02 14:25:08][debug][error]:[Serialization of 'Swoole\Http\Request' is not allowed at file:/data/web/imooc/easyswoole.api.com/vendor/opis/closure/src/SerializableClosure.php line:155]
[2020-07-02 14:32:56][debug][warning]:[Declaration of App\HttpController\Api\ApiBase::onRequest(string $action): ?bool should be compatible with EasySwoole\Http\AbstractInterface\Controller::onRequest(?string $action): ?bool at file:/data/web/imooc/easyswoole.api.com/App/HttpController/Api/ApiBase.php line:15]
[2020-07-02 14:32:56][debug][warning]:[Declaration of App\HttpController\Api\ApiBase::onRequest(string $action): ?bool should be compatible with EasySwoole\Http\AbstractInterface\Controller::onRequest(?string $action): ?bool at file:/data/web/imooc/easyswoole.api.com/App/HttpController/Api/ApiBase.php line:15]
[2020-07-02 14:33:22][debug][warning]:[Declaration of App\HttpController\Api\ApiBase::onRequest(string $action): ?bool should be compatible with EasySwoole\Http\AbstractInterface\Controller::onRequest(?string $action): ?bool at file:/data/web/imooc/easyswoole.api.com/App/HttpController/Api/ApiBase.php line:15]
[2020-07-02 14:36:24][debug][warning]:[Declaration of App\HttpController\Api\ApiBase::onRequest(string $action): ?bool should be compatible with EasySwoole\Http\AbstractInterface\Controller::onRequest(?string $action): ?bool at file:/data/web/imooc/easyswoole.api.com/App/HttpController/Api/ApiBase.php line:15]
[2020-07-02 14:36:24][debug][error]:[Serialization of 'Swoole\Http\Request' is not allowed at file:/data/web/imooc/easyswoole.api.com/vendor/opis/closure/src/SerializableClosure.php line:155]
[2020-07-02 14:37:31][debug][warning]:[Declaration of App\HttpController\Api\ApiBase::onRequest(string $action): ?bool should be compatible with EasySwoole\Http\AbstractInterface\Controller::onRequest(?string $action): ?bool at file:/data/web/imooc/easyswoole.api.com/App/HttpController/Api/ApiBase.php line:15]
[2020-07-02 14:37:31][debug][error]:[Serialization of 'Swoole\Http\Request' is not allowed at file:/data/web/imooc/easyswoole.api.com/vendor/opis/closure/src/SerializableClosure.php line:155]
[2020-07-02 14:37:59][debug][warning]:[Declaration of App\HttpController\Api\ApiBase::onRequest(string $action): ?bool should be compatible with EasySwoole\Http\AbstractInterface\Controller::onRequest(?string $action): ?bool at file:/data/web/imooc/easyswoole.api.com/App/HttpController/Api/ApiBase.php line:15]
[2020-07-02 14:37:59][debug][error]:[Serialization of 'Swoole\Http\Request' is not allowed at file:/data/web/imooc/easyswoole.api.com/vendor/opis/closure/src/SerializableClosure.php line:155]
[2020-07-02 14:38:15][debug][warning]:[Declaration of App\HttpController\Api\ApiBase::onRequest(string $action): ?bool should be compatible with EasySwoole\Http\AbstractInterface\Controller::onRequest(?string $action): ?bool at file:/data/web/imooc/easyswoole.api.com/App/HttpController/Api/ApiBase.php line:15]
[2020-07-02 14:38:15][debug][error]:[Serialization of 'Swoole\Http\Request' is not allowed at file:/data/web/imooc/easyswoole.api.com/vendor/opis/closure/src/SerializableClosure.php line:155]
[2020-07-02 14:38:17][debug][error]:[Serialization of 'Swoole\Http\Request' is not allowed at file:/data/web/imooc/easyswoole.api.com/vendor/opis/closure/src/SerializableClosure.php line:155]
[2020-07-02 14:39:16][debug][warning]:[Declaration of App\HttpController\Api\ApiBase::onRequest(string $action): ?bool should be compatible with EasySwoole\Http\AbstractInterface\Controller::onRequest(?string $action): ?bool at file:/data/web/imooc/easyswoole.api.com/App/HttpController/Api/ApiBase.php line:15]
[2020-07-02 14:39:16][debug][warning]:[Declaration of App\HttpController\Api\ApiBase::onRequest(string $action): ?bool should be compatible with EasySwoole\Http\AbstractInterface\Controller::onRequest(?string $action): ?bool at file:/data/web/imooc/easyswoole.api.com/App/HttpController/Api/ApiBase.php line:15]
[2020-07-02 14:42:25][debug][warning]:[Declaration of App\HttpController\Api\ApiBase::onRequest(string $action): ?bool should be compatible with EasySwoole\Http\AbstractInterface\Controller::onRequest(?string $action): ?bool at file:/data/web/imooc/easyswoole.api.com/App/HttpController/Api/ApiBase.php line:15]
[2020-07-02 14:42:25][debug][warning]:[Declaration of App\HttpController\Api\ApiBase::onRequest(string $action): ?bool should be compatible with EasySwoole\Http\AbstractInterface\Controller::onRequest(?string $action): ?bool at file:/data/web/imooc/easyswoole.api.com/App/HttpController/Api/ApiBase.php line:15]
[2020-07-02 14:42:45][debug][warning]:[Declaration of App\HttpController\Api\ApiBase::onRequest(string $action): ?bool should be compatible with EasySwoole\Http\AbstractInterface\Controller::onRequest(?string $action): ?bool at file:/data/web/imooc/easyswoole.api.com/App/HttpController/Api/ApiBase.php line:15]
[2020-07-02 14:42:45][debug][warning]:[Declaration of App\HttpController\Api\ApiBase::onRequest(string $action): ?bool should be compatible with EasySwoole\Http\AbstractInterface\Controller::onRequest(?string $action): ?bool at file:/data/web/imooc/easyswoole.api.com/App/HttpController/Api/ApiBase.php line:15]
[2020-07-02 14:43:16][debug][warning]:[Declaration of App\HttpController\Api\ApiBase::onRequest(string $action): ?bool should be compatible with EasySwoole\Http\AbstractInterface\Controller::onRequest(?string $action): ?bool at file:/data/web/imooc/easyswoole.api.com/App/HttpController/Api/ApiBase.php line:15]
[2020-07-02 14:43:16][debug][warning]:[Declaration of App\HttpController\Api\ApiBase::onRequest(string $action): ?bool should be compatible with EasySwoole\Http\AbstractInterface\Controller::onRequest(?string $action): ?bool at file:/data/web/imooc/easyswoole.api.com/App/HttpController/Api/ApiBase.php line:15]
[2020-07-02 14:43:33][debug][warning]:[Declaration of App\HttpController\Api\ApiBase::onRequest(string $action): ?bool should be compatible with EasySwoole\Http\AbstractInterface\Controller::onRequest(?string $action): ?bool at file:/data/web/imooc/easyswoole.api.com/App/HttpController/Api/ApiBase.php line:15]
[2020-07-02 14:43:33][debug][warning]:[Declaration of App\HttpController\Api\ApiBase::onRequest(string $action): ?bool should be compatible with EasySwoole\Http\AbstractInterface\Controller::onRequest(?string $action): ?bool at file:/data/web/imooc/easyswoole.api.com/App/HttpController/Api/ApiBase.php line:15]
[2020-07-02 14:48:54][debug][warning]:[Declaration of App\HttpController\Api\ApiBase::onRequest(string $action): ?bool should be compatible with EasySwoole\Http\AbstractInterface\Controller::onRequest(?string $action): ?bool at file:/data/web/imooc/easyswoole.api.com/App/HttpController/Api/ApiBase.php line:15]
[2020-07-02 14:49:02][debug][warning]:[Declaration of App\HttpController\Api\ApiBase::onRequest(string $action): ?bool should be compatible with EasySwoole\Http\AbstractInterface\Controller::onRequest(?string $action): ?bool at file:/data/web/imooc/easyswoole.api.com/App/HttpController/Api/ApiBase.php line:15]
[2020-07-02 14:49:11][debug][warning]:[Declaration of App\HttpController\Api\ApiBase::onRequest(string $action): ?bool should be compatible with EasySwoole\Http\AbstractInterface\Controller::onRequest(?string $action): ?bool at file:/data/web/imooc/easyswoole.api.com/App/HttpController/Api/ApiBase.php line:15]
[2020-07-02 15:02:15][debug][warning]:[Declaration of App\HttpController\Api\ApiBase::onRequest(string $action): ?bool should be compatible with EasySwoole\Http\AbstractInterface\Controller::onRequest(?string $action): ?bool at file:/data/web/imooc/easyswoole.api.com/App/HttpController/Api/ApiBase.php line:15]
[2020-07-02 15:02:47][debug][warning]:[Declaration of App\HttpController\Api\ApiBase::onRequest(string $action): ?bool should be compatible with EasySwoole\Http\AbstractInterface\Controller::onRequest(?string $action): ?bool at file:/data/web/imooc/easyswoole.api.com/App/HttpController/Api/ApiBase.php line:15]
[2020-07-02 15:02:47][debug][warning]:[Declaration of App\HttpController\Api\ApiBase::onRequest(string $action): ?bool should be compatible with EasySwoole\Http\AbstractInterface\Controller::onRequest(?string $action): ?bool at file:/data/web/imooc/easyswoole.api.com/App/HttpController/Api/ApiBase.php line:15]
[2020-07-02 15:02:48][debug][warning]:[Declaration of App\HttpController\Api\ApiBase::onRequest(string $action): ?bool should be compatible with EasySwoole\Http\AbstractInterface\Controller::onRequest(?string $action): ?bool at file:/data/web/imooc/easyswoole.api.com/App/HttpController/Api/ApiBase.php line:15]
[2020-07-02 15:02:49][debug][warning]:[Declaration of App\HttpController\Api\ApiBase::onRequest(string $action): ?bool should be compatible with EasySwoole\Http\AbstractInterface\Controller::onRequest(?string $action): ?bool at file:/data/web/imooc/easyswoole.api.com/App/HttpController/Api/ApiBase.php line:15]
[2020-07-02 15:06:43][debug][warning]:[Declaration of App\HttpController\Api\ApiBase::onRequest(string $action): ?bool should be compatible with EasySwoole\Http\AbstractInterface\Controller::onRequest(?string $action): ?bool at file:/data/web/imooc/easyswoole.api.com/App/HttpController/Api/ApiBase.php line:15]
[2020-07-02 15:07:00][debug][warning]:[Declaration of App\HttpController\Api\ApiBase::onRequest(string $action): ?bool should be compatible with EasySwoole\Http\AbstractInterface\Controller::onRequest(?string $action): ?bool at file:/data/web/imooc/easyswoole.api.com/App/HttpController/Api/ApiBase.php line:15]
[2020-07-02 15:07:00][debug][error]:[Argument 4 passed to Redis::zRevRangeByScore() must be of the type array, string given at file:/data/web/imooc/easyswoole.api.com/App/Lib/Redis/Redis.php line:128]
[2020-07-02 15:07:22][debug][warning]:[Declaration of App\HttpController\Api\ApiBase::onRequest(string $action): ?bool should be compatible with EasySwoole\Http\AbstractInterface\Controller::onRequest(?string $action): ?bool at file:/data/web/imooc/easyswoole.api.com/App/HttpController/Api/ApiBase.php line:15]
[2020-07-02 15:14:00][debug][warning]:[Declaration of App\HttpController\Api\ApiBase::onRequest(string $action): ?bool should be compatible with EasySwoole\Http\AbstractInterface\Controller::onRequest(?string $action): ?bool at file:/data/web/imooc/easyswoole.api.com/App/HttpController/Api/ApiBase.php line:15]
[2020-07-02 15:15:27][debug][warning]:[Declaration of App\HttpController\Api\ApiBase::onRequest(string $action): ?bool should be compatible with EasySwoole\Http\AbstractInterface\Controller::onRequest(?string $action): ?bool at file:/data/web/imooc/easyswoole.api.com/App/HttpController/Api/ApiBase.php line:15]
[2020-07-02 15:15:45][debug][warning]:[Declaration of App\HttpController\Api\ApiBase::onRequest(string $action): ?bool should be compatible with EasySwoole\Http\AbstractInterface\Controller::onRequest(?string $action): ?bool at file:/data/web/imooc/easyswoole.api.com/App/HttpController/Api/ApiBase.php line:15]
[2020-07-02 15:15:53][debug][warning]:[Declaration of App\HttpController\Api\ApiBase::onRequest(string $action): ?bool should be compatible with EasySwoole\Http\AbstractInterface\Controller::onRequest(?string $action): ?bool at file:/data/web/imooc/easyswoole.api.com/App/HttpController/Api/ApiBase.php line:15]
[2020-07-02 15:15:54][debug][warning]:[Declaration of App\HttpController\Api\ApiBase::onRequest(string $action): ?bool should be compatible with EasySwoole\Http\AbstractInterface\Controller::onRequest(?string $action): ?bool at file:/data/web/imooc/easyswoole.api.com/App/HttpController/Api/ApiBase.php line:15]
[2020-07-02 15:15:55][debug][warning]:[Declaration of App\HttpController\Api\ApiBase::onRequest(string $action): ?bool should be compatible with EasySwoole\Http\AbstractInterface\Controller::onRequest(?string $action): ?bool at file:/data/web/imooc/easyswoole.api.com/App/HttpController/Api/ApiBase.php line:15]
[2020-07-03 09:59:41][debug][warning]:[Declaration of App\HttpController\Api\ApiBase::onRequest(string $action): ?bool should be compatible with EasySwoole\Http\AbstractInterface\Controller::onRequest(?string $action): ?bool at file:/data/web/imooc/easyswoole.api.com/App/HttpController/Api/ApiBase.php line:15]
[2020-07-03 09:59:41][debug][notice]:[Specifying types in urls has been deprecated at file:/data/web/imooc/easyswoole.api.com/vendor/elasticsearch/elasticsearch/src/Elasticsearch/Endpoints/Get.php line:39]
[2020-07-03 09:59:41][debug][error]:[<!DOCTYPE html>
<html lang="en">
<head>
<meta charset="utf-8">
<title>Error</title>
</head>
<body>
<pre>Cannot GET /video-test/test/1</pre>
</body>
</html>
 at file:/data/web/imooc/easyswoole.api.com/vendor/elasticsearch/elasticsearch/src/Elasticsearch/Connections/Connection.php line:624]
[2020-07-03 10:00:48][debug][warning]:[Declaration of App\HttpController\Api\ApiBase::onRequest(string $action): ?bool should be compatible with EasySwoole\Http\AbstractInterface\Controller::onRequest(?string $action): ?bool at file:/data/web/imooc/easyswoole.api.com/App/HttpController/Api/ApiBase.php line:15]
[2020-07-03 10:00:48][debug][notice]:[Specifying types in urls has been deprecated at file:/data/web/imooc/easyswoole.api.com/vendor/elasticsearch/elasticsearch/src/Elasticsearch/Endpoints/Get.php line:39]
[2020-07-03 10:04:52][debug][warning]:[Declaration of App\HttpController\Api\ApiBase::onRequest(string $action): ?bool should be compatible with EasySwoole\Http\AbstractInterface\Controller::onRequest(?string $action): ?bool at file:/data/web/imooc/easyswoole.api.com/App/HttpController/Api/ApiBase.php line:15]
[2020-07-03 10:04:52][debug][error]:["body" is not a valid parameter. Allowed parameters are "_source", "_source_excludes", "_source_includes", "error_trace", "filter_path", "human", "opaqueId", "preference", "pretty", "realtime", "refresh", "routing", "source", "stored_fields", "version", "version_type" at file:/data/web/imooc/easyswoole.api.com/vendor/elasticsearch/elasticsearch/src/Elasticsearch/Endpoints/AbstractEndpoint.php line:235]
[2020-07-03 10:07:06][debug][warning]:[Declaration of App\HttpController\Api\ApiBase::onRequest(string $action): ?bool should be compatible with EasySwoole\Http\AbstractInterface\Controller::onRequest(?string $action): ?bool at file:/data/web/imooc/easyswoole.api.com/App/HttpController/Api/ApiBase.php line:15]
[2020-07-03 10:07:06][debug][notice]:[Specifying types in urls has been deprecated at file:/data/web/imooc/easyswoole.api.com/vendor/elasticsearch/elasticsearch/src/Elasticsearch/Endpoints/Search.php line:27]
[2020-07-03 10:32:05][debug][warning]:[Declaration of App\HttpController\Api\ApiBase::onRequest(string $action): ?bool should be compatible with EasySwoole\Http\AbstractInterface\Controller::onRequest(?string $action): ?bool at file:/data/web/imooc/easyswoole.api.com/App/HttpController/Api/ApiBase.php line:15]
[2020-07-03 10:32:05][debug][error]:[Call to undefined method App\Lib\Es\EsClient::search() at file:/data/web/imooc/easyswoole.api.com/App/HttpController/Api/Test.php line:47]
[2020-07-03 10:33:30][debug][warning]:[Declaration of App\HttpController\Api\ApiBase::onRequest(string $action): ?bool should be compatible with EasySwoole\Http\AbstractInterface\Controller::onRequest(?string $action): ?bool at file:/data/web/imooc/easyswoole.api.com/App/HttpController/Api/ApiBase.php line:15]
[2020-07-03 10:33:30][debug][notice]:[Specifying types in urls has been deprecated at file:/data/web/imooc/easyswoole.api.com/vendor/elasticsearch/elasticsearch/src/Elasticsearch/Endpoints/Search.php line:27]
[2020-07-03 10:34:07][debug][warning]:[Declaration of App\HttpController\Api\ApiBase::onRequest(string $action): ?bool should be compatible with EasySwoole\Http\AbstractInterface\Controller::onRequest(?string $action): ?bool at file:/data/web/imooc/easyswoole.api.com/App/HttpController/Api/ApiBase.php line:15]
[2020-07-03 10:34:07][debug][notice]:[Specifying types in urls has been deprecated at file:/data/web/imooc/easyswoole.api.com/vendor/elasticsearch/elasticsearch/src/Elasticsearch/Endpoints/Get.php line:39]
[2020-07-03 11:03:45][debug][warning]:[Declaration of App\HttpController\Api\ApiBase::onRequest(string $action): ?bool should be compatible with EasySwoole\Http\AbstractInterface\Controller::onRequest(?string $action): ?bool at file:/data/web/imooc/easyswoole.api.com/App/HttpController/Api/ApiBase.php line:15]
[2020-07-03 11:03:45][debug][notice]:[Specifying types in urls has been deprecated at file:/data/web/imooc/easyswoole.api.com/vendor/elasticsearch/elasticsearch/src/Elasticsearch/Endpoints/Get.php line:39]
[2020-07-03 11:03:45][debug][notice]:[Specifying types in urls has been deprecated at file:/data/web/imooc/easyswoole.api.com/vendor/elasticsearch/elasticsearch/src/Elasticsearch/Endpoints/Search.php line:27]
[2020-07-03 11:08:39][debug][warning]:[Declaration of App\HttpController\Api\ApiBase::onRequest(string $action): ?bool should be compatible with EasySwoole\Http\AbstractInterface\Controller::onRequest(?string $action): ?bool at file:/data/web/imooc/easyswoole.api.com/App/HttpController/Api/ApiBase.php line:15]
[2020-07-03 11:08:39][debug][notice]:[Specifying types in urls has been deprecated at file:/data/web/imooc/easyswoole.api.com/vendor/elasticsearch/elasticsearch/src/Elasticsearch/Endpoints/Get.php line:39]
[2020-07-03 11:08:39][debug][notice]:[Specifying types in urls has been deprecated at file:/data/web/imooc/easyswoole.api.com/vendor/elasticsearch/elasticsearch/src/Elasticsearch/Endpoints/Search.php line:27]
[2020-07-03 11:13:22][debug][warning]:[Declaration of App\HttpController\Api\ApiBase::onRequest(string $action): ?bool should be compatible with EasySwoole\Http\AbstractInterface\Controller::onRequest(?string $action): ?bool at file:/data/web/imooc/easyswoole.api.com/App/HttpController/Api/ApiBase.php line:15]
[2020-07-03 11:13:22][debug][notice]:[Specifying types in urls has been deprecated at file:/data/web/imooc/easyswoole.api.com/vendor/elasticsearch/elasticsearch/src/Elasticsearch/Endpoints/Get.php line:39]
[2020-07-03 11:13:22][debug][notice]:[Specifying types in urls has been deprecated at file:/data/web/imooc/easyswoole.api.com/vendor/elasticsearch/elasticsearch/src/Elasticsearch/Endpoints/Search.php line:27]
[2020-07-03 11:31:42][debug][warning]:[Declaration of App\HttpController\Api\ApiBase::onRequest(string $action): ?bool should be compatible with EasySwoole\Http\AbstractInterface\Controller::onRequest(?string $action): ?bool at file:/data/web/imooc/easyswoole.api.com/App/HttpController/Api/ApiBase.php line:15]
[2020-07-03 11:31:42][debug][error]:[Too few arguments to function App\Model\Es\EsBase::searchByName(), 1 passed in /data/web/imooc/easyswoole.api.com/App/HttpController/Api/Search.php on line 25 and at least 2 expected at file:/data/web/imooc/easyswoole.api.com/App/Model/Es/EsBase.php line:29]
[2020-07-03 11:32:18][debug][warning]:[Declaration of App\HttpController\Api\ApiBase::onRequest(string $action): ?bool should be compatible with EasySwoole\Http\AbstractInterface\Controller::onRequest(?string $action): ?bool at file:/data/web/imooc/easyswoole.api.com/App/HttpController/Api/ApiBase.php line:15]
[2020-07-03 11:32:52][debug][warning]:[Declaration of App\HttpController\Api\ApiBase::onRequest(string $action): ?bool should be compatible with EasySwoole\Http\AbstractInterface\Controller::onRequest(?string $action): ?bool at file:/data/web/imooc/easyswoole.api.com/App/HttpController/Api/ApiBase.php line:15]
[2020-07-03 11:33:04][debug][notice]:[Specifying types in urls has been deprecated at file:/data/web/imooc/easyswoole.api.com/vendor/elasticsearch/elasticsearch/src/Elasticsearch/Endpoints/Search.php line:27]
[2020-07-03 11:37:43][debug][warning]:[Declaration of App\HttpController\Api\ApiBase::onRequest(string $action): ?bool should be compatible with EasySwoole\Http\AbstractInterface\Controller::onRequest(?string $action): ?bool at file:/data/web/imooc/easyswoole.api.com/App/HttpController/Api/ApiBase.php line:15]
[2020-07-03 11:37:43][debug][notice]:[Specifying types in urls has been deprecated at file:/data/web/imooc/easyswoole.api.com/vendor/elasticsearch/elasticsearch/src/Elasticsearch/Endpoints/Search.php line:27]
[2020-07-03 11:37:55][debug][notice]:[Specifying types in urls has been deprecated at file:/data/web/imooc/easyswoole.api.com/vendor/elasticsearch/elasticsearch/src/Elasticsearch/Endpoints/Search.php line:27]
[2020-07-03 11:38:10][debug][notice]:[Specifying types in urls has been deprecated at file:/data/web/imooc/easyswoole.api.com/vendor/elasticsearch/elasticsearch/src/Elasticsearch/Endpoints/Search.php line:27]
[2020-07-03 11:38:36][debug][notice]:[Specifying types in urls has been deprecated at file:/data/web/imooc/easyswoole.api.com/vendor/elasticsearch/elasticsearch/src/Elasticsearch/Endpoints/Search.php line:27]
[2020-07-03 11:38:48][debug][notice]:[Specifying types in urls has been deprecated at file:/data/web/imooc/easyswoole.api.com/vendor/elasticsearch/elasticsearch/src/Elasticsearch/Endpoints/Search.php line:27]
[2020-07-03 11:40:51][debug][warning]:[Declaration of App\HttpController\Api\ApiBase::onRequest(string $action): ?bool should be compatible with EasySwoole\Http\AbstractInterface\Controller::onRequest(?string $action): ?bool at file:/data/web/imooc/easyswoole.api.com/App/HttpController/Api/ApiBase.php line:15]
[2020-07-03 11:40:51][debug][notice]:[Specifying types in urls has been deprecated at file:/data/web/imooc/easyswoole.api.com/vendor/elasticsearch/elasticsearch/src/Elasticsearch/Endpoints/Search.php line:27]
[2020-07-03 11:48:39][debug][warning]:[Declaration of App\HttpController\Api\ApiBase::onRequest(string $action): ?bool should be compatible with EasySwoole\Http\AbstractInterface\Controller::onRequest(?string $action): ?bool at file:/data/web/imooc/easyswoole.api.com/App/HttpController/Api/ApiBase.php line:15]
[2020-07-03 11:48:39][debug][notice]:[Specifying types in urls has been deprecated at file:/data/web/imooc/easyswoole.api.com/vendor/elasticsearch/elasticsearch/src/Elasticsearch/Endpoints/Search.php line:27]
[2020-07-03 11:48:39][debug][warning]:[Use of undefined constant hit - assumed 'hit' (this will throw an Error in a future version of PHP) at file:/data/web/imooc/easyswoole.api.com/App/HttpController/Api/Search.php line:36]
[2020-07-03 11:48:39][debug][warning]:[Illegal string offset '_source' at file:/data/web/imooc/easyswoole.api.com/App/HttpController/Api/Search.php line:36]
[2020-07-03 11:48:39][debug][warning]:[Illegal string offset 'image' at file:/data/web/imooc/easyswoole.api.com/App/HttpController/Api/Search.php line:36]
[2020-07-03 11:48:39][debug][warning]:[Use of undefined constant hit - assumed 'hit' (this will throw an Error in a future version of PHP) at file:/data/web/imooc/easyswoole.api.com/App/HttpController/Api/Search.php line:36]
[2020-07-03 11:48:39][debug][warning]:[Illegal string offset '_source' at file:/data/web/imooc/easyswoole.api.com/App/HttpController/Api/Search.php line:36]
[2020-07-03 11:48:39][debug][warning]:[Illegal string offset 'image' at file:/data/web/imooc/easyswoole.api.com/App/HttpController/Api/Search.php line:36]
[2020-07-03 11:48:39][debug][warning]:[Use of undefined constant hit - assumed 'hit' (this will throw an Error in a future version of PHP) at file:/data/web/imooc/easyswoole.api.com/App/HttpController/Api/Search.php line:36]
[2020-07-03 11:48:39][debug][warning]:[Illegal string offset '_source' at file:/data/web/imooc/easyswoole.api.com/App/HttpController/Api/Search.php line:36]
[2020-07-03 11:48:39][debug][warning]:[Illegal string offset 'image' at file:/data/web/imooc/easyswoole.api.com/App/HttpController/Api/Search.php line:36]
[2020-07-03 11:48:39][debug][error]:[Argument 1 passed to App\HttpController\Api\ApiBase::getPagingDatas() must be of the type integer, array given, called in /data/web/imooc/easyswoole.api.com/App/HttpController/Api/Search.php on line 39 at file:/data/web/imooc/easyswoole.api.com/App/HttpController/Api/ApiBase.php line:46]
[2020-07-03 11:49:11][debug][warning]:[Declaration of App\HttpController\Api\ApiBase::onRequest(string $action): ?bool should be compatible with EasySwoole\Http\AbstractInterface\Controller::onRequest(?string $action): ?bool at file:/data/web/imooc/easyswoole.api.com/App/HttpController/Api/ApiBase.php line:15]
[2020-07-03 11:49:11][debug][notice]:[Specifying types in urls has been deprecated at file:/data/web/imooc/easyswoole.api.com/vendor/elasticsearch/elasticsearch/src/Elasticsearch/Endpoints/Search.php line:27]
[2020-07-03 11:49:11][debug][warning]:[Use of undefined constant hit - assumed 'hit' (this will throw an Error in a future version of PHP) at file:/data/web/imooc/easyswoole.api.com/App/HttpController/Api/Search.php line:37]
[2020-07-03 11:49:11][debug][warning]:[Illegal string offset '_source' at file:/data/web/imooc/easyswoole.api.com/App/HttpController/Api/Search.php line:37]
[2020-07-03 11:49:11][debug][warning]:[Illegal string offset 'image' at file:/data/web/imooc/easyswoole.api.com/App/HttpController/Api/Search.php line:37]
[2020-07-03 11:49:11][debug][warning]:[Use of undefined constant hit - assumed 'hit' (this will throw an Error in a future version of PHP) at file:/data/web/imooc/easyswoole.api.com/App/HttpController/Api/Search.php line:37]
[2020-07-03 11:49:11][debug][warning]:[Illegal string offset '_source' at file:/data/web/imooc/easyswoole.api.com/App/HttpController/Api/Search.php line:37]
[2020-07-03 11:49:11][debug][warning]:[Illegal string offset 'image' at file:/data/web/imooc/easyswoole.api.com/App/HttpController/Api/Search.php line:37]
[2020-07-03 11:49:11][debug][warning]:[Use of undefined constant hit - assumed 'hit' (this will throw an Error in a future version of PHP) at file:/data/web/imooc/easyswoole.api.com/App/HttpController/Api/Search.php line:37]
[2020-07-03 11:49:11][debug][warning]:[Illegal string offset '_source' at file:/data/web/imooc/easyswoole.api.com/App/HttpController/Api/Search.php line:37]
[2020-07-03 11:49:11][debug][warning]:[Illegal string offset 'image' at file:/data/web/imooc/easyswoole.api.com/App/HttpController/Api/Search.php line:37]
[2020-07-03 11:49:11][debug][error]:[Argument 1 passed to App\HttpController\Api\ApiBase::getPagingDatas() must be of the type integer, array given, called in /data/web/imooc/easyswoole.api.com/App/HttpController/Api/Search.php on line 40 at file:/data/web/imooc/easyswoole.api.com/App/HttpController/Api/ApiBase.php line:46]
[2020-07-03 11:49:35][debug][warning]:[Declaration of App\HttpController\Api\ApiBase::onRequest(string $action): ?bool should be compatible with EasySwoole\Http\AbstractInterface\Controller::onRequest(?string $action): ?bool at file:/data/web/imooc/easyswoole.api.com/App/HttpController/Api/ApiBase.php line:15]
[2020-07-03 11:49:35][debug][notice]:[Specifying types in urls has been deprecated at file:/data/web/imooc/easyswoole.api.com/vendor/elasticsearch/elasticsearch/src/Elasticsearch/Endpoints/Search.php line:27]
[2020-07-03 11:49:35][debug][warning]:[Use of undefined constant hit - assumed 'hit' (this will throw an Error in a future version of PHP) at file:/data/web/imooc/easyswoole.api.com/App/HttpController/Api/Search.php line:37]
[2020-07-03 11:49:35][debug][warning]:[Illegal string offset '_source' at file:/data/web/imooc/easyswoole.api.com/App/HttpController/Api/Search.php line:37]
[2020-07-03 11:49:35][debug][warning]:[Illegal string offset 'image' at file:/data/web/imooc/easyswoole.api.com/App/HttpController/Api/Search.php line:37]
[2020-07-03 11:49:35][debug][warning]:[Use of undefined constant hit - assumed 'hit' (this will throw an Error in a future version of PHP) at file:/data/web/imooc/easyswoole.api.com/App/HttpController/Api/Search.php line:37]
[2020-07-03 11:49:35][debug][warning]:[Illegal string offset '_source' at file:/data/web/imooc/easyswoole.api.com/App/HttpController/Api/Search.php line:37]
[2020-07-03 11:49:35][debug][warning]:[Illegal string offset 'image' at file:/data/web/imooc/easyswoole.api.com/App/HttpController/Api/Search.php line:37]
[2020-07-03 11:49:35][debug][warning]:[Use of undefined constant hit - assumed 'hit' (this will throw an Error in a future version of PHP) at file:/data/web/imooc/easyswoole.api.com/App/HttpController/Api/Search.php line:37]
[2020-07-03 11:49:35][debug][warning]:[Illegal string offset '_source' at file:/data/web/imooc/easyswoole.api.com/App/HttpController/Api/Search.php line:37]
[2020-07-03 11:49:35][debug][warning]:[Illegal string offset 'image' at file:/data/web/imooc/easyswoole.api.com/App/HttpController/Api/Search.php line:37]
[2020-07-03 11:49:35][debug][error]:[Argument 1 passed to App\HttpController\Api\ApiBase::getPagingDatas() must be of the type integer, array given, called in /data/web/imooc/easyswoole.api.com/App/HttpController/Api/Search.php on line 40 at file:/data/web/imooc/easyswoole.api.com/App/HttpController/Api/ApiBase.php line:46]
[2020-07-03 11:50:43][debug][warning]:[Declaration of App\HttpController\Api\ApiBase::onRequest(string $action): ?bool should be compatible with EasySwoole\Http\AbstractInterface\Controller::onRequest(?string $action): ?bool at file:/data/web/imooc/easyswoole.api.com/App/HttpController/Api/ApiBase.php line:15]
[2020-07-03 11:50:43][debug][notice]:[Specifying types in urls has been deprecated at file:/data/web/imooc/easyswoole.api.com/vendor/elasticsearch/elasticsearch/src/Elasticsearch/Endpoints/Search.php line:27]
[2020-07-03 11:50:43][debug][warning]:[Use of undefined constant hit - assumed 'hit' (this will throw an Error in a future version of PHP) at file:/data/web/imooc/easyswoole.api.com/App/HttpController/Api/Search.php line:37]
[2020-07-03 11:50:43][debug][warning]:[Illegal string offset '_source' at file:/data/web/imooc/easyswoole.api.com/App/HttpController/Api/Search.php line:37]
[2020-07-03 11:50:43][debug][warning]:[Illegal string offset 'image' at file:/data/web/imooc/easyswoole.api.com/App/HttpController/Api/Search.php line:37]
[2020-07-03 11:50:43][debug][warning]:[Use of undefined constant hit - assumed 'hit' (this will throw an Error in a future version of PHP) at file:/data/web/imooc/easyswoole.api.com/App/HttpController/Api/Search.php line:37]
[2020-07-03 11:50:43][debug][warning]:[Illegal string offset '_source' at file:/data/web/imooc/easyswoole.api.com/App/HttpController/Api/Search.php line:37]
[2020-07-03 11:50:43][debug][warning]:[Illegal string offset 'image' at file:/data/web/imooc/easyswoole.api.com/App/HttpController/Api/Search.php line:37]
[2020-07-03 11:50:43][debug][warning]:[Use of undefined constant hit - assumed 'hit' (this will throw an Error in a future version of PHP) at file:/data/web/imooc/easyswoole.api.com/App/HttpController/Api/Search.php line:37]
[2020-07-03 11:50:43][debug][warning]:[Illegal string offset '_source' at file:/data/web/imooc/easyswoole.api.com/App/HttpController/Api/Search.php line:37]
[2020-07-03 11:50:43][debug][warning]:[Illegal string offset 'image' at file:/data/web/imooc/easyswoole.api.com/App/HttpController/Api/Search.php line:37]
[2020-07-03 11:50:52][debug][notice]:[Specifying types in urls has been deprecated at file:/data/web/imooc/easyswoole.api.com/vendor/elasticsearch/elasticsearch/src/Elasticsearch/Endpoints/Search.php line:27]
[2020-07-03 11:50:52][debug][warning]:[Use of undefined constant hit - assumed 'hit' (this will throw an Error in a future version of PHP) at file:/data/web/imooc/easyswoole.api.com/App/HttpController/Api/Search.php line:37]
[2020-07-03 11:50:52][debug][warning]:[Illegal string offset '_source' at file:/data/web/imooc/easyswoole.api.com/App/HttpController/Api/Search.php line:37]
[2020-07-03 11:50:52][debug][warning]:[Illegal string offset 'image' at file:/data/web/imooc/easyswoole.api.com/App/HttpController/Api/Search.php line:37]
[2020-07-03 11:50:52][debug][warning]:[Use of undefined constant hit - assumed 'hit' (this will throw an Error in a future version of PHP) at file:/data/web/imooc/easyswoole.api.com/App/HttpController/Api/Search.php line:37]
[2020-07-03 11:50:52][debug][warning]:[Illegal string offset '_source' at file:/data/web/imooc/easyswoole.api.com/App/HttpController/Api/Search.php line:37]
[2020-07-03 11:50:52][debug][warning]:[Illegal string offset 'image' at file:/data/web/imooc/easyswoole.api.com/App/HttpController/Api/Search.php line:37]
[2020-07-03 11:50:52][debug][warning]:[Use of undefined constant hit - assumed 'hit' (this will throw an Error in a future version of PHP) at file:/data/web/imooc/easyswoole.api.com/App/HttpController/Api/Search.php line:37]
[2020-07-03 11:50:52][debug][warning]:[Illegal string offset '_source' at file:/data/web/imooc/easyswoole.api.com/App/HttpController/Api/Search.php line:37]
[2020-07-03 11:50:52][debug][warning]:[Illegal string offset 'image' at file:/data/web/imooc/easyswoole.api.com/App/HttpController/Api/Search.php line:37]
[2020-07-03 11:51:08][debug][notice]:[Specifying types in urls has been deprecated at file:/data/web/imooc/easyswoole.api.com/vendor/elasticsearch/elasticsearch/src/Elasticsearch/Endpoints/Search.php line:27]
[2020-07-03 11:51:08][debug][warning]:[Use of undefined constant hit - assumed 'hit' (this will throw an Error in a future version of PHP) at file:/data/web/imooc/easyswoole.api.com/App/HttpController/Api/Search.php line:37]
[2020-07-03 11:51:08][debug][warning]:[Illegal string offset '_source' at file:/data/web/imooc/easyswoole.api.com/App/HttpController/Api/Search.php line:37]
[2020-07-03 11:51:08][debug][warning]:[Illegal string offset 'image' at file:/data/web/imooc/easyswoole.api.com/App/HttpController/Api/Search.php line:37]
[2020-07-03 11:51:08][debug][warning]:[Use of undefined constant hit - assumed 'hit' (this will throw an Error in a future version of PHP) at file:/data/web/imooc/easyswoole.api.com/App/HttpController/Api/Search.php line:37]
[2020-07-03 11:51:08][debug][warning]:[Illegal string offset '_source' at file:/data/web/imooc/easyswoole.api.com/App/HttpController/Api/Search.php line:37]
[2020-07-03 11:51:08][debug][warning]:[Illegal string offset 'image' at file:/data/web/imooc/easyswoole.api.com/App/HttpController/Api/Search.php line:37]
[2020-07-03 11:51:08][debug][warning]:[Use of undefined constant hit - assumed 'hit' (this will throw an Error in a future version of PHP) at file:/data/web/imooc/easyswoole.api.com/App/HttpController/Api/Search.php line:37]
[2020-07-03 11:51:08][debug][warning]:[Illegal string offset '_source' at file:/data/web/imooc/easyswoole.api.com/App/HttpController/Api/Search.php line:37]
[2020-07-03 11:51:08][debug][warning]:[Illegal string offset 'image' at file:/data/web/imooc/easyswoole.api.com/App/HttpController/Api/Search.php line:37]
[2020-07-03 11:55:03][debug][warning]:[Declaration of App\HttpController\Api\ApiBase::onRequest(string $action): ?bool should be compatible with EasySwoole\Http\AbstractInterface\Controller::onRequest(?string $action): ?bool at file:/data/web/imooc/easyswoole.api.com/App/HttpController/Api/ApiBase.php line:15]
[2020-07-03 11:55:03][debug][notice]:[Specifying types in urls has been deprecated at file:/data/web/imooc/easyswoole.api.com/vendor/elasticsearch/elasticsearch/src/Elasticsearch/Endpoints/Search.php line:27]
[2020-07-03 11:55:03][debug][warning]:[Use of undefined constant hit - assumed 'hit' (this will throw an Error in a future version of PHP) at file:/data/web/imooc/easyswoole.api.com/App/HttpController/Api/Search.php line:37]
[2020-07-03 11:55:03][debug][warning]:[Illegal string offset '_source' at file:/data/web/imooc/easyswoole.api.com/App/HttpController/Api/Search.php line:37]
[2020-07-03 11:55:03][debug][warning]:[Illegal string offset 'image' at file:/data/web/imooc/easyswoole.api.com/App/HttpController/Api/Search.php line:37]
[2020-07-03 11:55:03][debug][warning]:[Use of undefined constant hit - assumed 'hit' (this will throw an Error in a future version of PHP) at file:/data/web/imooc/easyswoole.api.com/App/HttpController/Api/Search.php line:37]
[2020-07-03 11:55:03][debug][warning]:[Illegal string offset '_source' at file:/data/web/imooc/easyswoole.api.com/App/HttpController/Api/Search.php line:37]
[2020-07-03 11:55:03][debug][warning]:[Illegal string offset 'image' at file:/data/web/imooc/easyswoole.api.com/App/HttpController/Api/Search.php line:37]
[2020-07-03 11:55:03][debug][warning]:[Use of undefined constant hit - assumed 'hit' (this will throw an Error in a future version of PHP) at file:/data/web/imooc/easyswoole.api.com/App/HttpController/Api/Search.php line:37]
[2020-07-03 11:55:03][debug][warning]:[Illegal string offset '_source' at file:/data/web/imooc/easyswoole.api.com/App/HttpController/Api/Search.php line:37]
[2020-07-03 11:55:03][debug][warning]:[Illegal string offset 'image' at file:/data/web/imooc/easyswoole.api.com/App/HttpController/Api/Search.php line:37]
[2020-07-03 11:55:29][debug][notice]:[Specifying types in urls has been deprecated at file:/data/web/imooc/easyswoole.api.com/vendor/elasticsearch/elasticsearch/src/Elasticsearch/Endpoints/Search.php line:27]
[2020-07-03 11:55:29][debug][warning]:[Use of undefined constant hit - assumed 'hit' (this will throw an Error in a future version of PHP) at file:/data/web/imooc/easyswoole.api.com/App/HttpController/Api/Search.php line:37]
[2020-07-03 11:55:29][debug][warning]:[Illegal string offset '_source' at file:/data/web/imooc/easyswoole.api.com/App/HttpController/Api/Search.php line:37]
[2020-07-03 11:55:29][debug][warning]:[Illegal string offset 'image' at file:/data/web/imooc/easyswoole.api.com/App/HttpController/Api/Search.php line:37]
[2020-07-03 11:55:34][debug][notice]:[Specifying types in urls has been deprecated at file:/data/web/imooc/easyswoole.api.com/vendor/elasticsearch/elasticsearch/src/Elasticsearch/Endpoints/Search.php line:27]
[2020-07-03 11:55:34][debug][warning]:[Use of undefined constant hit - assumed 'hit' (this will throw an Error in a future version of PHP) at file:/data/web/imooc/easyswoole.api.com/App/HttpController/Api/Search.php line:37]
[2020-07-03 11:55:34][debug][warning]:[Illegal string offset '_source' at file:/data/web/imooc/easyswoole.api.com/App/HttpController/Api/Search.php line:37]
[2020-07-03 11:55:34][debug][warning]:[Illegal string offset 'image' at file:/data/web/imooc/easyswoole.api.com/App/HttpController/Api/Search.php line:37]
[2020-07-03 11:55:34][debug][warning]:[Use of undefined constant hit - assumed 'hit' (this will throw an Error in a future version of PHP) at file:/data/web/imooc/easyswoole.api.com/App/HttpController/Api/Search.php line:37]
[2020-07-03 11:55:34][debug][warning]:[Illegal string offset '_source' at file:/data/web/imooc/easyswoole.api.com/App/HttpController/Api/Search.php line:37]
[2020-07-03 11:55:34][debug][warning]:[Illegal string offset 'image' at file:/data/web/imooc/easyswoole.api.com/App/HttpController/Api/Search.php line:37]
[2020-07-03 11:55:37][debug][notice]:[Specifying types in urls has been deprecated at file:/data/web/imooc/easyswoole.api.com/vendor/elasticsearch/elasticsearch/src/Elasticsearch/Endpoints/Search.php line:27]
[2020-07-03 11:55:37][debug][warning]:[Use of undefined constant hit - assumed 'hit' (this will throw an Error in a future version of PHP) at file:/data/web/imooc/easyswoole.api.com/App/HttpController/Api/Search.php line:37]
[2020-07-03 11:55:37][debug][warning]:[Illegal string offset '_source' at file:/data/web/imooc/easyswoole.api.com/App/HttpController/Api/Search.php line:37]
[2020-07-03 11:55:37][debug][warning]:[Illegal string offset 'image' at file:/data/web/imooc/easyswoole.api.com/App/HttpController/Api/Search.php line:37]
[2020-07-03 11:55:37][debug][warning]:[Use of undefined constant hit - assumed 'hit' (this will throw an Error in a future version of PHP) at file:/data/web/imooc/easyswoole.api.com/App/HttpController/Api/Search.php line:37]
[2020-07-03 11:55:37][debug][warning]:[Illegal string offset '_source' at file:/data/web/imooc/easyswoole.api.com/App/HttpController/Api/Search.php line:37]
[2020-07-03 11:55:37][debug][warning]:[Illegal string offset 'image' at file:/data/web/imooc/easyswoole.api.com/App/HttpController/Api/Search.php line:37]
[2020-07-03 11:55:37][debug][warning]:[Use of undefined constant hit - assumed 'hit' (this will throw an Error in a future version of PHP) at file:/data/web/imooc/easyswoole.api.com/App/HttpController/Api/Search.php line:37]
[2020-07-03 11:55:37][debug][warning]:[Illegal string offset '_source' at file:/data/web/imooc/easyswoole.api.com/App/HttpController/Api/Search.php line:37]
[2020-07-03 11:55:37][debug][warning]:[Illegal string offset 'image' at file:/data/web/imooc/easyswoole.api.com/App/HttpController/Api/Search.php line:37]
[2020-07-03 11:55:50][debug][notice]:[Specifying types in urls has been deprecated at file:/data/web/imooc/easyswoole.api.com/vendor/elasticsearch/elasticsearch/src/Elasticsearch/Endpoints/Search.php line:27]
[2020-07-03 11:55:50][debug][warning]:[Use of undefined constant hit - assumed 'hit' (this will throw an Error in a future version of PHP) at file:/data/web/imooc/easyswoole.api.com/App/HttpController/Api/Search.php line:37]
[2020-07-03 11:55:50][debug][warning]:[Illegal string offset '_source' at file:/data/web/imooc/easyswoole.api.com/App/HttpController/Api/Search.php line:37]
[2020-07-03 11:55:50][debug][warning]:[Illegal string offset 'image' at file:/data/web/imooc/easyswoole.api.com/App/HttpController/Api/Search.php line:37]
[2020-07-03 11:55:50][debug][warning]:[Use of undefined constant hit - assumed 'hit' (this will throw an Error in a future version of PHP) at file:/data/web/imooc/easyswoole.api.com/App/HttpController/Api/Search.php line:37]
[2020-07-03 11:55:50][debug][warning]:[Illegal string offset '_source' at file:/data/web/imooc/easyswoole.api.com/App/HttpController/Api/Search.php line:37]
[2020-07-03 11:55:50][debug][warning]:[Illegal string offset 'image' at file:/data/web/imooc/easyswoole.api.com/App/HttpController/Api/Search.php line:37]
[2020-07-03 11:55:50][debug][warning]:[Use of undefined constant hit - assumed 'hit' (this will throw an Error in a future version of PHP) at file:/data/web/imooc/easyswoole.api.com/App/HttpController/Api/Search.php line:37]
[2020-07-03 11:55:50][debug][warning]:[Illegal string offset '_source' at file:/data/web/imooc/easyswoole.api.com/App/HttpController/Api/Search.php line:37]
[2020-07-03 11:55:50][debug][warning]:[Illegal string offset 'image' at file:/data/web/imooc/easyswoole.api.com/App/HttpController/Api/Search.php line:37]
[2020-07-03 11:55:55][debug][notice]:[Specifying types in urls has been deprecated at file:/data/web/imooc/easyswoole.api.com/vendor/elasticsearch/elasticsearch/src/Elasticsearch/Endpoints/Search.php line:27]
[2020-07-03 11:55:55][debug][warning]:[Use of undefined constant hit - assumed 'hit' (this will throw an Error in a future version of PHP) at file:/data/web/imooc/easyswoole.api.com/App/HttpController/Api/Search.php line:37]
[2020-07-03 11:55:55][debug][warning]:[Illegal string offset '_source' at file:/data/web/imooc/easyswoole.api.com/App/HttpController/Api/Search.php line:37]
[2020-07-03 11:55:55][debug][warning]:[Illegal string offset 'image' at file:/data/web/imooc/easyswoole.api.com/App/HttpController/Api/Search.php line:37]
[2020-07-03 11:55:55][debug][warning]:[Use of undefined constant hit - assumed 'hit' (this will throw an Error in a future version of PHP) at file:/data/web/imooc/easyswoole.api.com/App/HttpController/Api/Search.php line:37]
[2020-07-03 11:55:55][debug][warning]:[Illegal string offset '_source' at file:/data/web/imooc/easyswoole.api.com/App/HttpController/Api/Search.php line:37]
[2020-07-03 11:55:55][debug][warning]:[Illegal string offset 'image' at file:/data/web/imooc/easyswoole.api.com/App/HttpController/Api/Search.php line:37]
[2020-07-03 11:55:55][debug][warning]:[Use of undefined constant hit - assumed 'hit' (this will throw an Error in a future version of PHP) at file:/data/web/imooc/easyswoole.api.com/App/HttpController/Api/Search.php line:37]
[2020-07-03 11:55:55][debug][warning]:[Illegal string offset '_source' at file:/data/web/imooc/easyswoole.api.com/App/HttpController/Api/Search.php line:37]
[2020-07-03 11:55:55][debug][warning]:[Illegal string offset 'image' at file:/data/web/imooc/easyswoole.api.com/App/HttpController/Api/Search.php line:37]
[2020-07-03 11:55:58][debug][notice]:[Specifying types in urls has been deprecated at file:/data/web/imooc/easyswoole.api.com/vendor/elasticsearch/elasticsearch/src/Elasticsearch/Endpoints/Search.php line:27]
[2020-07-03 11:55:58][debug][warning]:[Use of undefined constant hit - assumed 'hit' (this will throw an Error in a future version of PHP) at file:/data/web/imooc/easyswoole.api.com/App/HttpController/Api/Search.php line:37]
[2020-07-03 11:55:58][debug][warning]:[Illegal string offset '_source' at file:/data/web/imooc/easyswoole.api.com/App/HttpController/Api/Search.php line:37]
[2020-07-03 11:55:58][debug][warning]:[Illegal string offset 'image' at file:/data/web/imooc/easyswoole.api.com/App/HttpController/Api/Search.php line:37]
[2020-07-03 11:55:58][debug][warning]:[Use of undefined constant hit - assumed 'hit' (this will throw an Error in a future version of PHP) at file:/data/web/imooc/easyswoole.api.com/App/HttpController/Api/Search.php line:37]
[2020-07-03 11:55:58][debug][warning]:[Illegal string offset '_source' at file:/data/web/imooc/easyswoole.api.com/App/HttpController/Api/Search.php line:37]
[2020-07-03 11:55:58][debug][warning]:[Illegal string offset 'image' at file:/data/web/imooc/easyswoole.api.com/App/HttpController/Api/Search.php line:37]
[2020-07-03 11:55:58][debug][warning]:[Use of undefined constant hit - assumed 'hit' (this will throw an Error in a future version of PHP) at file:/data/web/imooc/easyswoole.api.com/App/HttpController/Api/Search.php line:37]
[2020-07-03 11:55:58][debug][warning]:[Illegal string offset '_source' at file:/data/web/imooc/easyswoole.api.com/App/HttpController/Api/Search.php line:37]
[2020-07-03 11:55:58][debug][warning]:[Illegal string offset 'image' at file:/data/web/imooc/easyswoole.api.com/App/HttpController/Api/Search.php line:37]
[2020-07-03 11:56:56][debug][notice]:[Specifying types in urls has been deprecated at file:/data/web/imooc/easyswoole.api.com/vendor/elasticsearch/elasticsearch/src/Elasticsearch/Endpoints/Search.php line:27]
[2020-07-03 11:56:56][debug][warning]:[Use of undefined constant hit - assumed 'hit' (this will throw an Error in a future version of PHP) at file:/data/web/imooc/easyswoole.api.com/App/HttpController/Api/Search.php line:37]
[2020-07-03 11:56:56][debug][warning]:[Illegal string offset '_source' at file:/data/web/imooc/easyswoole.api.com/App/HttpController/Api/Search.php line:37]
[2020-07-03 11:56:56][debug][warning]:[Illegal string offset 'image' at file:/data/web/imooc/easyswoole.api.com/App/HttpController/Api/Search.php line:37]
[2020-07-03 11:56:56][debug][warning]:[Use of undefined constant hit - assumed 'hit' (this will throw an Error in a future version of PHP) at file:/data/web/imooc/easyswoole.api.com/App/HttpController/Api/Search.php line:37]
[2020-07-03 11:56:56][debug][warning]:[Illegal string offset '_source' at file:/data/web/imooc/easyswoole.api.com/App/HttpController/Api/Search.php line:37]
[2020-07-03 11:56:56][debug][warning]:[Illegal string offset 'image' at file:/data/web/imooc/easyswoole.api.com/App/HttpController/Api/Search.php line:37]
[2020-07-03 12:45:36][debug][warning]:[Declaration of App\HttpController\Api\ApiBase::onRequest(string $action): ?bool should be compatible with EasySwoole\Http\AbstractInterface\Controller::onRequest(?string $action): ?bool at file:/data/web/imooc/easyswoole.api.com/App/HttpController/Api/ApiBase.php line:15]
[2020-07-03 12:45:36][debug][notice]:[Specifying types in urls has been deprecated at file:/data/web/imooc/easyswoole.api.com/vendor/elasticsearch/elasticsearch/src/Elasticsearch/Endpoints/Search.php line:27]
[2020-07-03 12:45:36][debug][warning]:[Use of undefined constant hit - assumed 'hit' (this will throw an Error in a future version of PHP) at file:/data/web/imooc/easyswoole.api.com/App/HttpController/Api/Search.php line:37]
[2020-07-03 12:45:36][debug][warning]:[Illegal string offset '_source' at file:/data/web/imooc/easyswoole.api.com/App/HttpController/Api/Search.php line:37]
[2020-07-03 12:45:36][debug][warning]:[Illegal string offset 'image' at file:/data/web/imooc/easyswoole.api.com/App/HttpController/Api/Search.php line:37]
[2020-07-03 12:45:36][debug][warning]:[Use of undefined constant hit - assumed 'hit' (this will throw an Error in a future version of PHP) at file:/data/web/imooc/easyswoole.api.com/App/HttpController/Api/Search.php line:37]
[2020-07-03 12:45:36][debug][warning]:[Illegal string offset '_source' at file:/data/web/imooc/easyswoole.api.com/App/HttpController/Api/Search.php line:37]
[2020-07-03 12:45:36][debug][warning]:[Illegal string offset 'image' at file:/data/web/imooc/easyswoole.api.com/App/HttpController/Api/Search.php line:37]
[2020-07-03 12:46:55][debug][warning]:[Declaration of App\HttpController\Api\ApiBase::onRequest(string $action): ?bool should be compatible with EasySwoole\Http\AbstractInterface\Controller::onRequest(?string $action): ?bool at file:/data/web/imooc/easyswoole.api.com/App/HttpController/Api/ApiBase.php line:15]
[2020-07-03 12:46:55][debug][notice]:[Specifying types in urls has been deprecated at file:/data/web/imooc/easyswoole.api.com/vendor/elasticsearch/elasticsearch/src/Elasticsearch/Endpoints/Search.php line:27]
[2020-07-03 12:47:24][debug][warning]:[Declaration of App\HttpController\Api\ApiBase::onRequest(string $action): ?bool should be compatible with EasySwoole\Http\AbstractInterface\Controller::onRequest(?string $action): ?bool at file:/data/web/imooc/easyswoole.api.com/App/HttpController/Api/ApiBase.php line:15]
[2020-07-03 12:47:24][debug][notice]:[Specifying types in urls has been deprecated at file:/data/web/imooc/easyswoole.api.com/vendor/elasticsearch/elasticsearch/src/Elasticsearch/Endpoints/Search.php line:27]
[2020-07-03 12:48:49][debug][warning]:[Declaration of App\HttpController\Api\ApiBase::onRequest(string $action): ?bool should be compatible with EasySwoole\Http\AbstractInterface\Controller::onRequest(?string $action): ?bool at file:/data/web/imooc/easyswoole.api.com/App/HttpController/Api/ApiBase.php line:15]
[2020-07-03 12:48:49][debug][notice]:[Specifying types in urls has been deprecated at file:/data/web/imooc/easyswoole.api.com/vendor/elasticsearch/elasticsearch/src/Elasticsearch/Endpoints/Search.php line:27]
[2020-07-03 12:50:44][debug][warning]:[Declaration of App\HttpController\Api\ApiBase::onRequest(string $action): ?bool should be compatible with EasySwoole\Http\AbstractInterface\Controller::onRequest(?string $action): ?bool at file:/data/web/imooc/easyswoole.api.com/App/HttpController/Api/ApiBase.php line:15]
[2020-07-03 12:50:44][debug][notice]:[Specifying types in urls has been deprecated at file:/data/web/imooc/easyswoole.api.com/vendor/elasticsearch/elasticsearch/src/Elasticsearch/Endpoints/Search.php line:27]
[2020-07-03 12:57:41][debug][warning]:[Declaration of App\HttpController\Api\ApiBase::onRequest(string $action): ?bool should be compatible with EasySwoole\Http\AbstractInterface\Controller::onRequest(?string $action): ?bool at file:/data/web/imooc/easyswoole.api.com/App/HttpController/Api/ApiBase.php line:15]
[2020-07-03 12:57:41][debug][notice]:[Specifying types in urls has been deprecated at file:/data/web/imooc/easyswoole.api.com/vendor/elasticsearch/elasticsearch/src/Elasticsearch/Endpoints/Search.php line:27]
[2020-07-03 13:01:37][debug][warning]:[Declaration of App\HttpController\Api\ApiBase::onRequest(string $action): ?bool should be compatible with EasySwoole\Http\AbstractInterface\Controller::onRequest(?string $action): ?bool at file:/data/web/imooc/easyswoole.api.com/App/HttpController/Api/ApiBase.php line:15]
[2020-07-03 13:01:37][debug][notice]:[Specifying types in urls has been deprecated at file:/data/web/imooc/easyswoole.api.com/vendor/elasticsearch/elasticsearch/src/Elasticsearch/Endpoints/Search.php line:27]
[2020-07-03 13:02:51][debug][warning]:[Declaration of App\HttpController\Api\ApiBase::onRequest(string $action): ?bool should be compatible with EasySwoole\Http\AbstractInterface\Controller::onRequest(?string $action): ?bool at file:/data/web/imooc/easyswoole.api.com/App/HttpController/Api/ApiBase.php line:15]
[2020-07-03 13:02:51][debug][notice]:[Specifying types in urls has been deprecated at file:/data/web/imooc/easyswoole.api.com/vendor/elasticsearch/elasticsearch/src/Elasticsearch/Endpoints/Search.php line:27]
[2020-07-03 13:03:32][debug][warning]:[Declaration of App\HttpController\Api\ApiBase::onRequest(string $action): ?bool should be compatible with EasySwoole\Http\AbstractInterface\Controller::onRequest(?string $action): ?bool at file:/data/web/imooc/easyswoole.api.com/App/HttpController/Api/ApiBase.php line:15]
[2020-07-03 13:03:32][debug][notice]:[Specifying types in urls has been deprecated at file:/data/web/imooc/easyswoole.api.com/vendor/elasticsearch/elasticsearch/src/Elasticsearch/Endpoints/Search.php line:27]
[2020-07-03 13:04:18][debug][warning]:[Declaration of App\HttpController\Api\ApiBase::onRequest(string $action): ?bool should be compatible with EasySwoole\Http\AbstractInterface\Controller::onRequest(?string $action): ?bool at file:/data/web/imooc/easyswoole.api.com/App/HttpController/Api/ApiBase.php line:15]
[2020-07-03 13:04:18][debug][notice]:[Specifying types in urls has been deprecated at file:/data/web/imooc/easyswoole.api.com/vendor/elasticsearch/elasticsearch/src/Elasticsearch/Endpoints/Search.php line:27]
[2020-07-03 13:19:55][debug][warning]:[Declaration of App\HttpController\Api\ApiBase::onRequest(string $action): ?bool should be compatible with EasySwoole\Http\AbstractInterface\Controller::onRequest(?string $action): ?bool at file:/data/web/imooc/easyswoole.api.com/App/HttpController/Api/ApiBase.php line:15]
[2020-07-03 13:19:55][debug][notice]:[Specifying types in urls has been deprecated at file:/data/web/imooc/easyswoole.api.com/vendor/elasticsearch/elasticsearch/src/Elasticsearch/Endpoints/Search.php line:27]
[2020-07-03 13:20:30][debug][warning]:[Declaration of App\HttpController\Api\ApiBase::onRequest(string $action): ?bool should be compatible with EasySwoole\Http\AbstractInterface\Controller::onRequest(?string $action): ?bool at file:/data/web/imooc/easyswoole.api.com/App/HttpController/Api/ApiBase.php line:15]
[2020-07-03 13:20:30][debug][notice]:[Specifying types in urls has been deprecated at file:/data/web/imooc/easyswoole.api.com/vendor/elasticsearch/elasticsearch/src/Elasticsearch/Endpoints/Search.php line:27]
[2020-07-03 13:21:11][debug][warning]:[Declaration of App\HttpController\Api\ApiBase::onRequest(string $action): ?bool should be compatible with EasySwoole\Http\AbstractInterface\Controller::onRequest(?string $action): ?bool at file:/data/web/imooc/easyswoole.api.com/App/HttpController/Api/ApiBase.php line:15]
[2020-07-03 13:21:11][debug][notice]:[Specifying types in urls has been deprecated at file:/data/web/imooc/easyswoole.api.com/vendor/elasticsearch/elasticsearch/src/Elasticsearch/Endpoints/Search.php line:27]
[2020-07-04 09:53:57][debug][error]:[Uncaught Exception: SeasLog Invalid Log File - /var/log/www/default/20200704.log in [no active file]:0
Stack trace:
#0 {main}
  thrown at file:[no active file] line:0]
[2020-07-04 09:54:12][debug][error]:[Uncaught Exception: SeasLog Invalid Log File - /var/log/www/default/20200704.log in [no active file]:0
Stack trace:
#0 {main}
  thrown at file:[no active file] line:0]
[2020-07-04 10:13:25][debug][notice]:[Undefined offset: 0 at file:/data/web/imooc/easyswoole.api.com/App/Lib/Db/Redis.php line:81]
[2020-07-04 10:13:25][debug][notice]:[Undefined offset: 0 at file:/data/web/imooc/easyswoole.api.com/App/Lib/Db/Redis.php line:82]
[2020-07-04 10:13:25][debug][warning]:[unlink(/tmp/EasySwoole.TaskWorker.0.sock): Operation not permitted at file:/data/web/imooc/easyswoole.api.com/vendor/easyswoole/component/src/Process/Socket/AbstractUnixProcess.php line:27]
[2020-07-04 10:13:25][debug][warning]:[unlink(/tmp/EasySwoole.TaskWorker.1.sock): Operation not permitted at file:/data/web/imooc/easyswoole.api.com/vendor/easyswoole/component/src/Process/Socket/AbstractUnixProcess.php line:27]
[2020-07-04 10:13:25][debug][error]:[EasySwoole\Task\Worker bind /tmp/EasySwoole.TaskWorker.0.sock fail case Address already in use at file:/data/web/imooc/easyswoole.api.com/vendor/easyswoole/component/src/Process/Socket/AbstractUnixProcess.php line:31]
[2020-07-04 10:13:25][debug][error]:[EasySwoole\Task\Worker bind /tmp/EasySwoole.TaskWorker.1.sock fail case Address already in use at file:/data/web/imooc/easyswoole.api.com/vendor/easyswoole/component/src/Process/Socket/AbstractUnixProcess.php line:31]
[2020-07-04 10:13:25][debug][warning]:[unlink(/tmp/EasySwoole.TaskWorker.2.sock): Operation not permitted at file:/data/web/imooc/easyswoole.api.com/vendor/easyswoole/component/src/Process/Socket/AbstractUnixProcess.php line:27]
[2020-07-04 10:13:25][debug][warning]:[unlink(/tmp/bridge.sock): Operation not permitted at file:/data/web/imooc/easyswoole.api.com/vendor/easyswoole/component/src/Process/Socket/AbstractUnixProcess.php line:27]
[2020-07-04 10:13:25][debug][warning]:[unlink(/tmp/EasySwoole.TaskWorker.3.sock): Operation not permitted at file:/data/web/imooc/easyswoole.api.com/vendor/easyswoole/component/src/Process/Socket/AbstractUnixProcess.php line:27]
[2020-07-04 10:13:25][debug][error]:[EasySwoole\Task\Worker bind /tmp/EasySwoole.TaskWorker.2.sock fail case Address already in use at file:/data/web/imooc/easyswoole.api.com/vendor/easyswoole/component/src/Process/Socket/AbstractUnixProcess.php line:31]
[2020-07-04 10:13:25][debug][error]:[EasySwoole\Task\Worker bind /tmp/EasySwoole.TaskWorker.3.sock fail case Address already in use at file:/data/web/imooc/easyswoole.api.com/vendor/easyswoole/component/src/Process/Socket/AbstractUnixProcess.php line:31]
[2020-07-04 10:13:25][debug][error]:[EasySwoole\EasySwoole\Bridge\BridgeProcess bind /tmp/bridge.sock fail case Address already in use at file:/data/web/imooc/easyswoole.api.com/vendor/easyswoole/component/src/Process/Socket/AbstractUnixProcess.php line:31]
[2020-07-04 10:16:46][debug][warning]:[unlink(/tmp/EasySwoole.TaskWorker.3.sock): Operation not permitted at file:/data/web/imooc/easyswoole.api.com/vendor/easyswoole/component/src/Process/Socket/AbstractUnixProcess.php line:27]
[2020-07-04 10:16:46][debug][warning]:[unlink(/tmp/EasySwoole.TaskWorker.0.sock): Operation not permitted at file:/data/web/imooc/easyswoole.api.com/vendor/easyswoole/component/src/Process/Socket/AbstractUnixProcess.php line:27]
[2020-07-04 10:16:46][debug][warning]:[unlink(/tmp/EasySwoole.TaskWorker.1.sock): Operation not permitted at file:/data/web/imooc/easyswoole.api.com/vendor/easyswoole/component/src/Process/Socket/AbstractUnixProcess.php line:27]
[2020-07-04 10:16:46][debug][warning]:[unlink(/tmp/EasySwoole.TaskWorker.2.sock): Operation not permitted at file:/data/web/imooc/easyswoole.api.com/vendor/easyswoole/component/src/Process/Socket/AbstractUnixProcess.php line:27]
[2020-07-04 10:16:46][debug][error]:[EasySwoole\Task\Worker bind /tmp/EasySwoole.TaskWorker.3.sock fail case Address already in use at file:/data/web/imooc/easyswoole.api.com/vendor/easyswoole/component/src/Process/Socket/AbstractUnixProcess.php line:31]
[2020-07-04 10:16:46][debug][error]:[EasySwoole\Task\Worker bind /tmp/EasySwoole.TaskWorker.0.sock fail case Address already in use at file:/data/web/imooc/easyswoole.api.com/vendor/easyswoole/component/src/Process/Socket/AbstractUnixProcess.php line:31]
[2020-07-04 10:16:46][debug][error]:[EasySwoole\Task\Worker bind /tmp/EasySwoole.TaskWorker.1.sock fail case Address already in use at file:/data/web/imooc/easyswoole.api.com/vendor/easyswoole/component/src/Process/Socket/AbstractUnixProcess.php line:31]
[2020-07-04 10:16:46][debug][error]:[EasySwoole\Task\Worker bind /tmp/EasySwoole.TaskWorker.2.sock fail case Address already in use at file:/data/web/imooc/easyswoole.api.com/vendor/easyswoole/component/src/Process/Socket/AbstractUnixProcess.php line:31]
[2020-07-04 10:16:46][debug][warning]:[unlink(/tmp/bridge.sock): Operation not permitted at file:/data/web/imooc/easyswoole.api.com/vendor/easyswoole/component/src/Process/Socket/AbstractUnixProcess.php line:27]
[2020-07-04 10:16:46][debug][error]:[EasySwoole\EasySwoole\Bridge\BridgeProcess bind /tmp/bridge.sock fail case Address already in use at file:/data/web/imooc/easyswoole.api.com/vendor/easyswoole/component/src/Process/Socket/AbstractUnixProcess.php line:31]
[2020-07-04 10:19:15][debug][notice]:[Undefined offset: 0 at file:/data/web/imooc/easyswoole.api.com/App/Lib/Db/Redis.php line:81]
[2020-07-04 10:19:15][debug][notice]:[Undefined offset: 0 at file:/data/web/imooc/easyswoole.api.com/App/Lib/Db/Redis.php line:82]
[2020-07-04 10:41:48][debug][warning]:[Declaration of App\HttpController\Api\ApiBase::onRequest(string $action): ?bool should be compatible with EasySwoole\Http\AbstractInterface\Controller::onRequest(?string $action): ?bool at file:/data/web/imooc/easyswoole.api.com/App/HttpController/Api/ApiBase.php line:15]
[2020-07-04 10:42:06][debug][error]:[Uncaught Exception: SeasLog Invalid Log File - /var/log/www/default/20200704.log in [no active file]:0
Stack trace:
#0 {main}
  thrown at file:[no active file] line:0]
[2020-07-04 10:43:37][debug][warning]:[Declaration of App\HttpController\Api\ApiBase::onRequest(string $action): ?bool should be compatible with EasySwoole\Http\AbstractInterface\Controller::onRequest(?string $action): ?bool at file:/data/web/imooc/easyswoole.api.com/App/HttpController/Api/ApiBase.php line:15]
[2020-07-04 10:43:37][debug][error]:[Uncaught Exception: SeasLog Invalid Log File - /var/log/www/default/20200704.log in [no active file]:0
Stack trace:
#0 {main}
  thrown at file:[no active file] line:0]
[2020-07-04 10:55:35][debug][warning]:[Declaration of App\HttpController\Api\ApiBase::onRequest(string $action): ?bool should be compatible with EasySwoole\Http\AbstractInterface\Controller::onRequest(?string $action): ?bool at file:/data/web/imooc/easyswoole.api.com/App/HttpController/Api/ApiBase.php line:15]
[2020-07-04 10:55:35][debug][error]:[Uncaught Exception: SeasLog Invalid Log File - /var/log/www/default/20200704.log in [no active file]:0
Stack trace:
#0 {main}
  thrown at file:[no active file] line:0]
[2020-07-04 11:01:30][debug][error]:[Too few arguments to function EasySwoole\EasySwoole\EasySwooleEvent::setHeader(), 0 passed in /data/web/imooc/easyswoole.api.com/EasySwooleEvent.php on line 89 and exactly 1 expected at file:/data/web/imooc/easyswoole.api.com/EasySwooleEvent.php line:111]
[2020-07-04 11:01:56][debug][warning]:[Declaration of App\HttpController\Api\ApiBase::onRequest(string $action): ?bool should be compatible with EasySwoole\Http\AbstractInterface\Controller::onRequest(?string $action): ?bool at file:/data/web/imooc/easyswoole.api.com/App/HttpController/Api/ApiBase.php line:15]
[2020-07-04 11:01:56][debug][error]:[Uncaught Exception: SeasLog Invalid Log File - /var/log/www/default/20200704.log in [no active file]:0
Stack trace:
#0 {main}
  thrown at file:[no active file] line:0]
[2020-07-04 11:04:07][debug][warning]:[Declaration of App\HttpController\Api\ApiBase::onRequest(string $action): ?bool should be compatible with EasySwoole\Http\AbstractInterface\Controller::onRequest(?string $action): ?bool at file:/data/web/imooc/easyswoole.api.com/App/HttpController/Api/ApiBase.php line:15]
[2020-07-04 11:04:07][debug][error]:[Uncaught Error: Call to a member function set() on null in /data/web/imooc/easyswoole.api.com/App/HttpController/Api/Test.php:160
Stack trace:
#0 {main}
  thrown at file:/data/web/imooc/easyswoole.api.com/App/HttpController/Api/Test.php line:160]
[2020-07-04 11:08:46][debug][warning]:[Declaration of App\HttpController\Api\ApiBase::onRequest(string $action): ?bool should be compatible with EasySwoole\Http\AbstractInterface\Controller::onRequest(?string $action): ?bool at file:/data/web/imooc/easyswoole.api.com/App/HttpController/Api/ApiBase.php line:15]
[2020-07-04 11:08:46][debug][error]:[Uncaught Error: Call to a member function set() on null in /data/web/imooc/easyswoole.api.com/App/HttpController/Api/Test.php:162
Stack trace:
#0 {main}
  thrown at file:/data/web/imooc/easyswoole.api.com/App/HttpController/Api/Test.php line:162]
[2020-07-04 11:09:50][debug][warning]:[Declaration of App\HttpController\Api\ApiBase::onRequest(string $action): ?bool should be compatible with EasySwoole\Http\AbstractInterface\Controller::onRequest(?string $action): ?bool at file:/data/web/imooc/easyswoole.api.com/App/HttpController/Api/ApiBase.php line:15]
[2020-07-04 11:09:50][debug][error]:[Uncaught Error: Call to a member function set() on null in /data/web/imooc/easyswoole.api.com/App/HttpController/Api/Test.php:162
Stack trace:
#0 {main}
  thrown at file:/data/web/imooc/easyswoole.api.com/App/HttpController/Api/Test.php line:162]
[2020-07-04 11:18:54][debug][error]:[Uncaught Error: Call to a member function set() on null in /data/web/imooc/easyswoole.api.com/EasySwooleEvent.php:46
Stack trace:
#0 {main}
  thrown at file:/data/web/imooc/easyswoole.api.com/EasySwooleEvent.php line:46]
[2020-07-04 11:28:21][debug][error]:[Uncaught EasySwoole\RedisPool\RedisPoolException: redis pool:redisqqqq is already been register in /data/web/imooc/easyswoole.api.com/vendor/easyswoole/redis-pool/src/Redis.php:21
Stack trace:
#0 /data/web/imooc/easyswoole.api.com/EasySwooleEvent.php(42): EasySwoole\RedisPool\Redis->register('redisqqqq', Object(EasySwoole\Redis\Config\RedisConfig))
#1 /data/web/imooc/easyswoole.api.com/vendor/easyswoole/easyswoole/src/Core.php(119): EasySwoole\EasySwoole\EasySwooleEvent::initialize()
#2 /data/web/imooc/easyswoole.api.com/vendor/easyswoole/easyswoole/src/Command/DefaultCommand/Start.php(42): EasySwoole\EasySwoole\Core->globalInitialize()
#3 /data/web/imooc/easyswoole.api.com/vendor/easyswoole/easyswoole/src/Command/CommandContainer.php(46): EasySwoole\EasySwoole\Command\DefaultCommand\Start->exec(Array)
#4 /data/web/imooc/easyswoole.api.com/vendor/easyswoole/easyswoole/src/Command/CommandRunner.php(62): EasySwoole\EasySwoole\Command\CommandContainer->hook('start', Array)
#5 /data/web/imooc/easyswoole.api.com/e at file:/data/web/imooc/easyswoole.api.com/vendor/easyswoole/redis-pool/src/Redis.php line:21]
[2020-07-04 11:30:37][debug][warning]:[Declaration of App\HttpController\Api\ApiBase::onRequest(string $action): ?bool should be compatible with EasySwoole\Http\AbstractInterface\Controller::onRequest(?string $action): ?bool at file:/data/web/imooc/easyswoole.api.com/App/HttpController/Api/ApiBase.php line:15]
[2020-07-04 11:30:37][debug][notice]:[response has end at file:/data/web/imooc/easyswoole.api.com/App/HttpController/Api/ApiBase.php line:102]
[2020-07-04 11:31:41][debug][warning]:[Declaration of App\HttpController\Api\ApiBase::onRequest(string $action): ?bool should be compatible with EasySwoole\Http\AbstractInterface\Controller::onRequest(?string $action): ?bool at file:/data/web/imooc/easyswoole.api.com/App/HttpController/Api/ApiBase.php line:15]
[2020-07-04 11:31:41][debug][notice]:[response has end at file:/data/web/imooc/easyswoole.api.com/App/HttpController/Api/ApiBase.php line:102]
[2020-07-04 11:33:59][debug][warning]:[Declaration of App\HttpController\Api\ApiBase::onRequest(string $action): ?bool should be compatible with EasySwoole\Http\AbstractInterface\Controller::onRequest(?string $action): ?bool at file:/data/web/imooc/easyswoole.api.com/App/HttpController/Api/ApiBase.php line:15]
[2020-07-04 11:33:59][debug][notice]:[response has end at file:/data/web/imooc/easyswoole.api.com/App/HttpController/Api/ApiBase.php line:102]
[2020-07-04 11:34:18][debug][warning]:[Declaration of App\HttpController\Api\ApiBase::onRequest(string $action): ?bool should be compatible with EasySwoole\Http\AbstractInterface\Controller::onRequest(?string $action): ?bool at file:/data/web/imooc/easyswoole.api.com/App/HttpController/Api/ApiBase.php line:15]
[2020-07-04 11:34:18][debug][notice]:[response has end at file:/data/web/imooc/easyswoole.api.com/App/HttpController/Api/ApiBase.php line:102]
[2020-07-04 11:35:09][debug][warning]:[Declaration of App\HttpController\Api\ApiBase::onRequest(string $action): ?bool should be compatible with EasySwoole\Http\AbstractInterface\Controller::onRequest(?string $action): ?bool at file:/data/web/imooc/easyswoole.api.com/App/HttpController/Api/ApiBase.php line:15]
[2020-07-04 11:35:09][debug][notice]:[response has end at file:/data/web/imooc/easyswoole.api.com/App/HttpController/Api/ApiBase.php line:102]
[2020-07-04 11:35:29][debug][warning]:[Declaration of App\HttpController\Api\ApiBase::onRequest(string $action): ?bool should be compatible with EasySwoole\Http\AbstractInterface\Controller::onRequest(?string $action): ?bool at file:/data/web/imooc/easyswoole.api.com/App/HttpController/Api/ApiBase.php line:15]
[2020-07-04 11:35:29][debug][notice]:[response has end at file:/data/web/imooc/easyswoole.api.com/App/HttpController/Api/ApiBase.php line:102]
[2020-07-04 11:42:57][debug][warning]:[Declaration of App\HttpController\Api\ApiBase::onRequest(string $action): ?bool should be compatible with EasySwoole\Http\AbstractInterface\Controller::onRequest(?string $action): ?bool at file:/data/web/imooc/easyswoole.api.com/App/HttpController/Api/ApiBase.php line:15]
[2020-07-04 11:42:57][debug][notice]:[Undefined variable: result at file:/data/web/imooc/easyswoole.api.com/App/HttpController/Api/Test.php line:185]
[2020-07-04 11:49:53][debug][warning]:[Declaration of App\HttpController\Api\ApiBase::onRequest(string $action): ?bool should be compatible with EasySwoole\Http\AbstractInterface\Controller::onRequest(?string $action): ?bool at file:/data/web/imooc/easyswoole.api.com/App/HttpController/Api/ApiBase.php line:15]
[2020-07-04 11:49:53][debug][notice]:[Undefined variable: result at file:/data/web/imooc/easyswoole.api.com/App/HttpController/Api/Test.php line:185]
[2020-07-04 11:52:31][debug][warning]:[Declaration of App\HttpController\Api\ApiBase::onRequest(string $action): ?bool should be compatible with EasySwoole\Http\AbstractInterface\Controller::onRequest(?string $action): ?bool at file:/data/web/imooc/easyswoole.api.com/App/HttpController/Api/ApiBase.php line:15]
[2020-07-04 11:52:31][debug][notice]:[Undefined variable: result at file:/data/web/imooc/easyswoole.api.com/App/HttpController/Api/Test.php line:185]
[2020-07-04 12:04:34][debug][notice]:[Undefined variable: result at file:/data/web/imooc/easyswoole.api.com/App/HttpController/Api/Test.php line:185]
[2020-07-04 12:16:54][debug][warning]:[Declaration of App\HttpController\Api\ApiBase::onRequest(string $action): ?bool should be compatible with EasySwoole\Http\AbstractInterface\Controller::onRequest(?string $action): ?bool at file:/data/web/imooc/easyswoole.api.com/App/HttpController/Api/ApiBase.php line:15]
[2020-07-04 13:43:27][debug][warning]:[Declaration of App\HttpController\Api\ApiBase::onRequest(string $action): ?bool should be compatible with EasySwoole\Http\AbstractInterface\Controller::onRequest(?string $action): ?bool at file:/data/web/imooc/easyswoole.api.com/App/HttpController/Api/ApiBase.php line:15]
[2020-07-04 13:43:27][debug][error]:[Too few arguments to function EasySwoole\RedisPool\Redis::invoke(), 1 passed in /data/web/imooc/easyswoole.api.com/App/HttpController/Api/Test.php on line 165 and at least 2 expected at file:/data/web/imooc/easyswoole.api.com/vendor/easyswoole/redis-pool/src/Redis.php line:57]
[2020-07-04 13:45:20][debug][warning]:[Declaration of App\HttpController\Api\ApiBase::onRequest(string $action): ?bool should be compatible with EasySwoole\Http\AbstractInterface\Controller::onRequest(?string $action): ?bool at file:/data/web/imooc/easyswoole.api.com/App/HttpController/Api/ApiBase.php line:15]
[2020-07-04 13:45:20][debug][notice]:[Undefined variable: result1 at file:/data/web/imooc/easyswoole.api.com/App/HttpController/Api/Test.php line:191]
[2020-07-04 13:50:38][debug][warning]:[Declaration of App\HttpController\Api\ApiBase::onRequest(string $action): ?bool should be compatible with EasySwoole\Http\AbstractInterface\Controller::onRequest(?string $action): ?bool at file:/data/web/imooc/easyswoole.api.com/App/HttpController/Api/ApiBase.php line:15]
[2020-07-04 13:50:38][debug][notice]:[Undefined variable: result1 at file:/data/web/imooc/easyswoole.api.com/App/HttpController/Api/Test.php line:191]
